<?xml version="1.0" encoding="ISO-8859-1"?>
<!--
    Licensed to the Apache Software Foundation (ASF) under one or more
    contributor license agreements.  See the NOTICE file distributed with
    this work for additional information regarding copyright ownership.
    The ASF licenses this file to You under the Apache License, Version 2.0
    (the "License"); you may not use this file except in compliance with
    the License.  You may obtain a copy of the License at

       http://www.apache.org/licenses/LICENSE-2.0

    Unless required by applicable law or agreed to in writing, software
    distributed under the License is distributed on an "AS IS" BASIS,
    WITHOUT WARRANTIES OR CONDITIONS OF ANY KIND, either express or implied.
    See the License for the specific language governing permissions and
    limitations under the License.
-->

<!-- $Rev$ $Date$ -->

<project name="test-setup" default="default" basedir=".">

    <target name="default">
        <!-- Build test-rar-10 -->
        <mkdir dir="${basedir}/target/test-rar-10/META-INF"/>
        <copy todir="${basedir}/target/test-rar-10/META-INF">
            <fileset dir="${basedir}/src/test/resources/connector_1_0"/>
        </copy>
        <jar destfile="${basedir}/target/test-rar-10.rar" basedir="${basedir}/target/test-rar-10"/>

        <!-- Build test-rar-16 -->
        <mkdir dir="${basedir}/target/test-rar-16/META-INF"/>
        <copy todir="${basedir}/target/test-rar-16/META-INF">
            <fileset dir="${basedir}/src/test/resources/connector_1_6"/>
        </copy>
        <jar destfile="${basedir}/target/test-rar-16.rar" basedir="${basedir}/target/test-rar-16"/>

        <!-- Build test-rar-15 -->
        <mkdir dir="${basedir}/target/test-rar-15/META-INF"/>
        <copy todir="${basedir}/target/test-rar-15/META-INF">
            <fileset dir="${basedir}/src/test/resources/connector_1_5"/>
        </copy>
        <jar destfile="${basedir}/target/test-rar-15.rar" basedir="${basedir}/target/test-rar-15"/>

        <mkdir dir="${basedir}/target/test-rar-15-notx/META-INF"/>
        <copy todir="${basedir}/target/test-rar-15-notx/META-INF">
            <fileset dir="${basedir}/src/test/resources/connector_1_5_notx"/>
        </copy>

        <jar destfile="${basedir}/target/test-rar-15-notx.rar"
            basedir="${basedir}/target/test-rar-15-notx"/>

        <mkdir dir="${basedir}/target/test-rar-15-localtx/META-INF"/>

        <copy todir="${basedir}/target/test-rar-15-localtx/META-INF">
            <fileset dir="${basedir}/src/test/resources/connector_1_5_localtx"/>
        </copy>

        <jar destfile="${basedir}/target/test-rar-15-localtx.rar"
            basedir="${basedir}/target/test-rar-15-localtx"/>

        <!-- Build test-ear -->
        <jar destfile="${basedir}/target/test-ear.ear">
            <fileset dir="${basedir}/target">
                <include name="test-rar-10.rar"/>
                <include name="test-rar-15.rar"/>
            </fileset>
            <zipfileset dir="${basedir}/src/test/resources/ear" prefix="META-INF"/>
        </jar>
        
        <!--do it again without geronimo dds-->
        <!-- Build test-rar-10 -->
        <mkdir dir="${basedir}/target/test-rar-10-noger/META-INF"/>
        <copy todir="${basedir}/target/test-rar-10-noger/META-INF">
            <fileset dir="${basedir}/src/test/resources/connector_1_0">
                <exclude name="geronimo-ra.xml"/>
            </fileset>
        </copy>
        <jar destfile="${basedir}/target/test-rar-10-noger.rar" basedir="${basedir}/target/test-rar-10"/>

        <!-- Build test-rar-15 -->
        <mkdir dir="${basedir}/target/test-rar-15-noger/META-INF"/>
        <copy todir="${basedir}/target/test-rar-15-noger/META-INF">
            <fileset dir="${basedir}/src/test/resources/connector_1_5">
                <exclude name="geronimo-ra.xml"/>
            </fileset>
        </copy>
        <jar destfile="${basedir}/target/test-rar-15-noger.rar" basedir="${basedir}/target/test-rar-15"/>

        <!-- Build test-ear -->
        <jar destfile="${basedir}/target/test-ear-noger.ear">
            <fileset dir="${basedir}/target">
                <include name="test-rar-10-noger.rar"/>
                <include name="test-rar-15-noger.rar"/>
            </fileset>
            <zipfileset dir="${basedir}/src/test/resources/ear" prefix="META-INF">
                <exclude name="geronimo-application.xml"/>
            </zipfileset>
        </jar>

        <!-- Build test-cf-validation -->
        <mkdir dir="${basedir}/target/test-cf-validation/META-INF"/>
        <copy todir="${basedir}/target/test-cf-validation/META-INF">
            <fileset dir="${basedir}/src/test/resources/connection-factory-validation"/>
        </copy>
        <jar destfile="${basedir}/target/test-cf-validation.rar" basedir="${basedir}/target/test-cf-validation"/>

        <!-- Build test-ra-validation -->
        <mkdir dir="${basedir}/target/test-ra-validation/META-INF"/>
        <copy todir="${basedir}/target/test-ra-validation/META-INF">
            <fileset dir="${basedir}/src/test/resources/resource-adaptor-validation"/>
        </copy>
        <jar destfile="${basedir}/target/test-ra-validation.rar" basedir="${basedir}/target/test-ra-validation"/>

        <!-- Build test-ao-validation -->
        <mkdir dir="${basedir}/target/test-ao-validation/META-INF"/>
        <copy todir="${basedir}/target/test-ao-validation/META-INF">
            <fileset dir="${basedir}/src/test/resources/admin-object-validation"/>
        </copy>
        <jar destfile="${basedir}/target/test-ao-validation.rar" basedir="${basedir}/target/test-ao-validation"/>

        <!-- Build test-asb-validation.  Validation using bean validation -->
        <mkdir dir="${basedir}/target/test-asb-validation/META-INF"/>
        <copy todir="${basedir}/target/test-asb-validation/META-INF">
            <fileset dir="${basedir}/src/test/resources/activation-spec-bean-validation"/>
        </copy>
        <jar destfile="${basedir}/target/test-asb-validation.rar" basedir="${basedir}/target/test-asb-validation"/>
    </target>
    
</project>
