<?xml version="1.0" encoding="UTF-8"?>
<!--
    Licensed to the Apache Software Foundation (ASF) under one
    or more contributor license agreements.  See the NOTICE file
    distributed with this work for additional information
    regarding copyright ownership.  The ASF licenses this file
    to you under the Apache License, Version 2.0 (the
    "License"); you may not use this file except in compliance
    with the License.  You may obtain a copy of the License at
    
     http://www.apache.org/licenses/LICENSE-2.0
    
    Unless required by applicable law or agreed to in writing,
    software distributed under the License is distributed on an
    "AS IS" BASIS, WITHOUT WARRANTIES OR CONDITIONS OF ANY
    KIND, either express or implied.  See the License for the
    specific language governing permissions and limitations
    under the License.
-->

<!-- $Rev$ $Date$ -->

<application xmlns="http://geronimo.apache.org/xml/ns/j2ee/application-2.0">
    
    <environment xmlns="http://geronimo.apache.org/xml/ns/deployment-1.2">
        <moduleId>
            <groupId>geronimo</groupId>
            <artifactId>test-ear</artifactId>
            <version>1.0</version>
            <type>car</type>
        </moduleId>
    </environment>

    <module>
        <connector>this-is-invalid.rar</connector>
        <alt-dd>this-does-not-exist.xml</alt-dd>
    </module>

    <!-- a random gbean just to verify that the deployer doesn't die because of it -->
    <gbean xmlns="http://geronimo.apache.org/xml/ns/deployment-1.2" name="foo" class="org.apache.geronimo.j2ee.management.impl.J2EEDomainImpl"/>

</application>